2022-11-22 21:39:32 INFO : daemon start.
2022-11-22 21:39:32 WARN : MariaDB connection.
2022-11-22 21:39:32 WARN : EPP server connection.
2022-11-22 21:39:32 DEBUG : send data to server.
2022-11-22 21:39:32 DEBUG : Login success.
2022-11-22 21:51:05 INFO : daemon register attempt start at : 1669153865004ms
2022-11-22 21:51:05 INFO : daemon register success. time spent is : 70 ms.
2022-11-22 22:15:10 INFO : daemon SIGHUP | SIGINT received
2022-11-22 22:15:10 WARN : EPP disconnection.
2022-11-22 22:15:10 WARN : MariaDB disconnection.
2022-11-22 22:15:10 INFO : daemon quit
2022-11-22 22:15:36 INFO : daemon start.
2022-11-22 22:15:36 WARN : MariaDB connection.
2022-11-22 22:15:36 WARN : EPP server connection.
2022-11-22 22:15:36 DEBUG : send data to server.
2022-11-22 22:15:36 DEBUG : Login success.
2022-11-22 22:17:31 INFO : daemon SIGHUP | SIGINT received
2022-11-22 22:17:32 WARN : EPP disconnection.
2022-11-22 22:17:32 WARN : MariaDB disconnection.
2022-11-22 22:17:32 INFO : daemon quit
2022-11-22 22:17:36 INFO : daemon start.
2022-11-22 22:17:36 WARN : MariaDB connection.
2022-11-22 22:17:36 WARN : EPP server connection.
2022-11-22 22:17:36 DEBUG : send data to server.
2022-11-22 22:17:36 DEBUG : Login success.
2022-11-23 07:53:35 INFO : daemon SIGHUP | SIGINT received
2022-11-23 07:53:35 WARN : EPP disconnection.
2022-11-23 07:53:35 WARN : MariaDB disconnection.
2022-11-23 07:53:35 INFO : daemon quit
